C51 COMPILER V9.56.0.0   MAIN                                                              08/16/2017 10:48:30 PAGE 1   


C51 COMPILER V9.56.0.0, COMPILATION OF MODULE MAIN
OBJECT MODULE PLACED IN .\Objects\main.obj
COMPILER INVOKED BY: C:\Keil_v5\C51\BIN\C51.EXE main.c ROM(SMALL) OPTIMIZE(9,SPEED) BROWSE DEBUG OBJECTEXTEND TABS(2) OB
                    -JECT(.\Objects\main.obj)

line level    source

   1          #include "LCD.h"
   2          #include "DHT11.h"
   3          //#include "external.h"
   4          #include "timing.h"
   5          
   6          void main()
   7          {
   8   1        unsigned int i = 0;
   9   1        backlight = 0;
  10   1        
  11   1        init();
  12   1        //write_string("Hello, World!\n");
  13   1        
  14   1        //readDHT11();
  15   1        
  16   1        while(1)
  17   1        {
  18   2          //write_char('1');
  19   2        }
  20   1      }
  21          
  22          /*
  23            --------------TODO---------------
  24            * Add timer*
  25            * Add interupt
  26            * send screen clear command, start of init()
  27            * Setup function to setup lcd e.g. 16x2, 40x4...
  28            * i2c bit banging
  29              - pressure sensor
  30              - DS3231
  31          */
  32          
  33          /*
  34            ---------------Small issues--------------
  35            * int_to_ascii: i underflows
  36           * String prints on second line after first printing on first line
  37          */  


MODULE INFORMATION:   STATIC OVERLAYABLE
   CODE SIZE        =     11    ----
   CONSTANT SIZE    =   ----    ----
   XDATA SIZE       =   ----    ----
   PDATA SIZE       =   ----    ----
   DATA SIZE        =      8       2
   IDATA SIZE       =   ----    ----
   BIT SIZE         =   ----    ----
END OF MODULE INFORMATION.


C51 COMPILATION COMPLETE.  0 WARNING(S),  0 ERROR(S)
