C51 COMPILER V9.56.0.0   MAX7219                                                           10/23/2017 21:41:19 PAGE 1   


C51 COMPILER V9.56.0.0, COMPILATION OF MODULE MAX7219
OBJECT MODULE PLACED IN .\Objects\MAX7219.obj
COMPILER INVOKED BY: C:\Keil_v5\C51\BIN\C51.EXE MAX7219.c OPTIMIZE(9,SPEED) BROWSE MODP2 DEBUG OBJECTEXTEND TABS(2) OBJE
                    -CT(.\Objects\MAX7219.obj)

line level    source

   1          #include "MAX7219.h"
   2          
   3          void matrixInit()
   4          {
   5   1        //clear the display
   6   1        matrixClear();
   7   1        
   8   1        //Change intensity, 0 lowest - F brightest
   9   1        matrixSend(0x0A, 0x01);
  10   1        //Take out of shutdown mode
  11   1        matrixSend(0x0C, 0x01);
  12   1        //Scan limit. 8 lines
  13   1        matrixSend(0x0B, 0x07);
  14   1      }
  15          
  16          void matrixClear()
  17          {
  18   1        char i;
  19   1        
  20   1        for(i = 1; i < 9; i++)
  21   1          matrixSend(i, 0x00);
  22   1      }
  23          
  24          void matrixSend(unsigned char address, unsigned char byte)
  25          {
  26   1        char i;
  27   1        
  28   1        CS = 0;
  29   1        for(i = 0; i < 8; i++)
  30   1        {
  31   2          DIN = address & 0x80;
  32   2          CLK = 1;
  33   2          address <<= 1;
  34   2          CLK = 0;
  35   2        }
  36   1        for(i = 0; i < 8; i++)
  37   1        {
  38   2          DIN = byte & 0x80;
  39   2          CLK = 1;
  40   2          byte <<= 1;
  41   2          CLK = 0;
  42   2        }
  43   1        CS = 1;
  44   1      }


MODULE INFORMATION:   STATIC OVERLAYABLE
   CODE SIZE        =     87    ----
   CONSTANT SIZE    =   ----    ----
   XDATA SIZE       =   ----    ----
   PDATA SIZE       =   ----    ----
   DATA SIZE        =   ----       1
   IDATA SIZE       =   ----    ----
   BIT SIZE         =   ----    ----
C51 COMPILER V9.56.0.0   MAX7219                                                           10/23/2017 21:41:19 PAGE 2   

END OF MODULE INFORMATION.


C51 COMPILATION COMPLETE.  0 WARNING(S),  0 ERROR(S)
