C51 COMPILER V9.56.0.0   SERIAL                                                            10/29/2017 01:41:24 PAGE 1   


C51 COMPILER V9.56.0.0, COMPILATION OF MODULE SERIAL
OBJECT MODULE PLACED IN .\Objects\serial.obj
COMPILER INVOKED BY: C:\Keil_v5\C51\BIN\C51.EXE serial.c OPTIMIZE(9,SIZE) BROWSE MODP2 DEBUG OBJECTEXTEND TABS(2) OBJECT
                    -(.\Objects\serial.obj)

line level    source

   1          #include "serial.h"
   2          #include "timing.h"
   3          #include "subroutine.h"
   4          
   5          //0xFD = 9600 baurd
   6          
   7          //0xFF =  28,800 baurd
   8          void init_serial()
   9          {
  10   1        TMOD |= 0x20; //mode 2: 8 bit auto reload
  11   1        SCON = 0x50;
  12   1        TH1 = 0xFF;
  13   1        //TH1 = 0xFD;
  14   1        TR1 = 1;
  15   1      }
  16          
  17          
  18          void serial_convert(unsigned char value)
  19          {
  20   1        //converts the char number into ASCII
  21   1        //sends the ASCII array to UART
  22   1        serial_send_array(convert(value));
  23   1      }
  24          
  25          void serial_send_array(unsigned char* array)
  26          {
  27   1        unsigned char i;
  28   1        for(i = 0; array[i] != '\0'; i++)
  29   1        {
  30   2          SBUF = array[i];
  31   2          while(TI == 0);
  32   2          TI = 0;
  33   2        }
  34   1      }
  35          
  36          void serial_send(unsigned char byte)
  37          {
  38   1        SBUF = byte;
  39   1        while(TI == 0);
  40   1        TI = 0;
  41   1      }
  42          
  43          unsigned char serial_receive()
  44          {
  45   1        while(RI == 0);
  46   1        RI = 0;
  47   1        return SBUF;
  48   1      }


MODULE INFORMATION:   STATIC OVERLAYABLE
   CODE SIZE        =     69    ----
   CONSTANT SIZE    =   ----    ----
   XDATA SIZE       =   ----    ----
C51 COMPILER V9.56.0.0   SERIAL                                                            10/29/2017 01:41:24 PAGE 2   

   PDATA SIZE       =   ----    ----
   DATA SIZE        =   ----       3
   IDATA SIZE       =   ----    ----
   BIT SIZE         =   ----    ----
END OF MODULE INFORMATION.


C51 COMPILATION COMPLETE.  0 WARNING(S),  0 ERROR(S)
