C51 COMPILER V9.56.0.0   MAIN                                                              08/08/2017 10:41:44 PAGE 1   


C51 COMPILER V9.56.0.0, COMPILATION OF MODULE MAIN
OBJECT MODULE PLACED IN .\Objects\main.obj
COMPILER INVOKED BY: C:\Keil_v5\C51\BIN\C51.EXE main.c ROM(SMALL) OPTIMIZE(8,SPEED) BROWSE DEBUG OBJECTEXTEND PRINT(.\Li
                    -stings\main.lst) TABS(2) PREPRINT(.\Listings\main.i) OBJECT(.\Objects\main.obj)

line level    source

   1          //#include <reg51.h>
   2          #include "LCD.h"
   3          
   4          void main()
   5          {
   6   1        //D0 = P1^7;
   7   1        //backlight = 1;  //Set pin to detect high.
   8   1        
   9   1        while(1)
  10   1        {
  11   2          backlight_toggle();
  12   2          delay(20);
  13   2        }
  14   1      }


MODULE INFORMATION:   STATIC OVERLAYABLE
   CODE SIZE        =     10    ----
   CONSTANT SIZE    =   ----    ----
   XDATA SIZE       =   ----    ----
   PDATA SIZE       =   ----    ----
   DATA SIZE        =   ----    ----
   IDATA SIZE       =   ----    ----
   BIT SIZE         =   ----    ----
END OF MODULE INFORMATION.


C51 COMPILATION COMPLETE.  0 WARNING(S),  0 ERROR(S)
